<?xml version="1.0" encoding="UTF-8"?>
<testng-results ignored="0" total="1" passed="1" failed="0" skipped="0">
  <reporter-output>
  </reporter-output>
  <suite started-at="2022-02-01T13:58:36 IST" name="Suite" finished-at="2022-02-01T13:58:57 IST" duration-ms="21281">
    <groups>
    </groups>
    <test started-at="2022-02-01T13:58:36 IST" name="Test" finished-at="2022-02-01T13:58:57 IST" duration-ms="21281">
      <class name="com.selenium4.test.Selenium4implementation.Dropdownhandle2">
        <test-method signature="Test1()[pri:0, instance:com.selenium4.test.Selenium4implementation.Dropdownhandle2@78b66d36]" started-at="2022-02-01T13:58:36 IST" name="Test1" finished-at="2022-02-01T13:58:57 IST" duration-ms="21110" status="PASS">
          <reporter-output>
          </reporter-output>
        </test-method> <!-- Test1 -->
      </class> <!-- com.selenium4.test.Selenium4implementation.Dropdownhandle2 -->
    </test> <!-- Test -->
  </suite> <!-- Suite -->
</testng-results>
